<?xml version="1.0" encoding="UTF-8"?>
<!-- Generated by org.testng.reporters.JUnitXMLReporter -->
<testsuite ignored="2" hostname="MSI" failures="0" tests="1" name="Default test" time="6.846" errors="0" timestamp="2023-09-14T22:09:57 MST">
  <testcase classname="com.tuitorialninja.qa.testcases.Search" name="verifySearchWithInvalidProduct" time="0.467"/>
  <testcase classname="com.tuitorialninja.qa.testcases.Search" name="verifySearchWithValidProduct" time="0.0">
    <ignored/>
  </testcase> <!-- verifySearchWithValidProduct -->
  <testcase classname="com.tuitorialninja.qa.testcases.Search" name="verifySearchWithoutAnyProduct" time="0.0">
    <ignored/>
  </testcase> <!-- verifySearchWithoutAnyProduct -->
</testsuite> <!-- Default test -->
